2024-03-04 01:37:05 - Dry run: Would run Julia script: testSA.jl
2024-03-04 01:37:05 - Dry run: Would perform rsync operation from ./ to alaik@snellius.surf.nl:lam
2024-03-04 01:37:05 - Dry run: Would SSH into server and run script
2024-03-04 01:37:15 - Dry run: Would run Julia script: testSAs.jl
2024-03-04 01:37:15 - Dry run: Would perform rsync operation from ./ to alaik@snellius.surf.nl:lam
2024-03-04 01:37:15 - Dry run: Would SSH into server and run script
2024-03-04 01:37:37 - Running Julia script: testSAs.jl
2024-03-04 01:37:38 - Error during running Julia script. Exiting.
2024-03-04 01:37:38 - Starting rsync...
2024-03-04 01:37:39 - Error during rsync operation. Exiting.
2024-03-04 01:37:39 - SSH into the server and running script...
2024-03-04 01:37:40 - SSH or running script completed successfully.
2024-03-04 01:39:52 - Running Julia script: testSA.jl
2024-03-04 01:41:42 - running Julia script completed successfully.
2024-03-04 01:41:42 - Starting rsync...
2024-03-04 01:42:04 - rsync operation completed successfully.
2024-03-04 01:42:04 - SSH into the server and running script...
2024-03-04 01:42:05 - SSH or running script completed successfully.
2024-03-04 02:16:19 - Running Julia script: testSA.jl
2024-03-04 02:18:30 - running Julia script completed successfully.
2024-03-04 02:18:30 - Starting rsync...
2024-03-04 02:18:57 - rsync operation completed successfully.
2024-03-04 02:18:57 - SSH into the server and running script...
2024-03-04 02:18:59 - SSH or running script completed successfully.
2024-03-04 02:31:47 - Starting rsync...
2024-03-04 02:31:48 - rsync operation completed successfully.
2024-03-04 02:31:48 - SSH into the server and running script...
2024-03-04 02:31:49 - SSH or running script completed successfully.
2024-03-04 02:33:43 - Starting rsync...
2024-03-04 02:34:04 - Error during rsync operation. Exiting.
2024-03-04 02:35:05 - Starting rsync...
2024-03-04 02:35:08 - Error during rsync operation. Exiting.
2024-03-04 02:36:13 - Running Julia script: testSA.jl
2024-03-04 02:38:42 - running Julia script completed successfully.
2024-03-04 02:38:42 - Starting rsync...
2024-03-04 02:39:18 - Error during rsync operation. Exiting.
2024-03-04 02:43:16 - Running Julia script: testSA.jl
2024-03-04 02:45:01 - running Julia script completed successfully.
2024-03-04 02:45:01 - Starting rsync...
2024-03-04 02:45:30 - Error during rsync operation. Exiting.
2024-03-04 02:46:36 - Running Julia script: testSA.jl
2024-03-04 02:46:40 - Starting rsync...
2024-03-04 02:47:11 - Error during rsync operation. Exiting.
2024-03-04 02:47:29 - Starting rsync...
2024-03-04 02:47:56 - Error during rsync operation. Exiting.
2024-03-04 02:47:56 - rsync operation completed successfully.
2024-03-04 02:47:56 - SSH into the server and running script...
2024-03-04 02:47:58 - SSH or running script completed successfully.
2024-03-04 02:52:36 - Starting rsync...
2024-03-04 02:53:06 - rsync operation completed successfully.
2024-03-04 02:53:06 - SSH into the server and running script...
2024-03-04 02:53:07 - SSH or running script completed successfully.
2024-03-04 16:35:46 - Running Julia script: testSA.jl
2024-03-04 16:37:12 - running Julia script completed successfully.
2024-03-04 16:37:12 - Starting rsync...
2024-03-04 16:37:48 - Error during rsync operation. Exiting.
2024-03-04 16:37:48 - rsync operation completed successfully.
2024-03-04 16:37:48 - SSH into the server and running script...
2024-03-04 16:37:50 - SSH or running script completed successfully.
2024-03-04 16:56:31 - Dry run: Would perform rsync operation from ./ to alaik@snellius.surf.nl:lam
2024-03-04 16:56:34 - Dry run: Would SSH into server and run script
2024-03-04 16:57:27 - Starting rsync...
2024-03-04 16:57:57 - rsync operation completed successfully.
2024-03-04 16:57:57 - SSH into the server and running script...
2024-03-04 16:57:57 - SSH or running script completed successfully.
2024-03-05 01:51:38 - Running Julia script: testSA.jl
2024-03-05 01:53:03 - running Julia script completed successfully.
2024-03-05 01:53:03 - Starting rsync...
2024-03-05 01:53:28 - Error during rsync operation. Exiting.
2024-03-05 01:53:28 - rsync operation completed successfully.
2024-03-05 01:53:28 - SSH into the server and running script...
2024-03-05 01:53:28 - SSH or running script completed successfully.
2024-03-05 01:57:03 - Starting rsync...
2024-03-05 01:57:29 - rsync operation completed successfully.
2024-03-05 01:57:29 - SSH into the server and running script...
2024-03-05 01:57:30 - SSH or running script completed successfully.
2024-03-05 03:42:58 - Running Julia script: testSA.jl
2024-03-05 03:45:06 - running Julia script completed successfully.
2024-03-05 03:45:06 - Starting rsync...
2024-03-05 03:45:40 - rsync operation completed successfully.
2024-03-05 03:45:40 - SSH into the server and running script...
2024-03-05 03:45:41 - SSH or running script completed successfully.
2024-03-05 04:57:14 - Running Julia script: testSA.jl
2024-03-05 04:59:20 - running Julia script completed successfully.
2024-03-05 04:59:20 - Starting rsync...
2024-03-05 04:59:59 - Error during rsync operation. Exiting.
2024-03-05 13:26:00 - Running Julia script: testSA.jl
2024-03-05 13:27:26 - running Julia script completed successfully.
2024-03-05 13:27:26 - Starting rsync...
2024-03-05 13:27:52 - rsync operation completed successfully.
2024-03-05 13:27:52 - SSH into the server and running script...
2024-03-05 13:27:56 - SSH or running script completed successfully.
2024-03-06 00:26:31 - Running Julia script: testSA.jl
2024-03-06 00:27:59 - running Julia script completed successfully.
2024-03-06 00:27:59 - Starting rsync...
2024-03-06 00:28:26 - rsync operation completed successfully.
2024-03-06 00:28:26 - SSH into the server and running script...
2024-03-06 00:28:26 - SSH or running script completed successfully.
2024-03-06 03:39:20 - Running Julia script: testSA.jl
2024-03-06 03:40:54 - running Julia script completed successfully.
2024-03-06 03:40:54 - Starting rsync...
2024-03-06 03:41:23 - rsync operation completed successfully.
2024-03-06 03:41:23 - SSH into the server and running script...
2024-03-06 03:41:25 - SSH or running script completed successfully.
2024-03-06 03:49:37 - Running Julia script: testSA.jl
2024-03-07 17:32:03 - Running Julia script: testSA.jl
2024-03-07 17:34:05 - running Julia script completed successfully.
2024-03-07 17:34:05 - Starting rsync...
2024-03-07 17:34:39 - Error during rsync operation. Exiting.
2024-03-07 22:57:12 - Starting rsync...
2024-03-07 22:57:51 - Error during rsync operation. Exiting.
2024-03-08 00:10:28 - Starting rsync...
2024-03-08 00:11:14 - rsync operation completed successfully.
2024-03-08 00:11:14 - SSH into the server and running script...
2024-03-08 00:11:16 - SSH or running script completed successfully.
2024-03-09 00:59:17 - Running Julia script: testSA.jl
2024-03-09 01:01:25 - running Julia script completed successfully.
2024-03-09 01:01:26 - Starting rsync...
2024-03-09 01:02:04 - rsync operation completed successfully.
2024-03-09 01:02:04 - SSH into the server and running script...
2024-03-09 01:02:04 - SSH or running script completed successfully.
2024-03-09 17:06:11 - Running Julia script: testSA.jl
2024-03-09 17:06:37 - Error during running Julia script. Exiting.
2024-03-09 17:09:06 - Running Julia script: testSA.jl
2024-03-09 17:10:21 - running Julia script completed successfully.
2024-03-09 17:10:22 - Starting rsync...
2024-03-09 17:10:57 - rsync operation completed successfully.
2024-03-09 17:10:57 - SSH into the server and running script...
2024-03-09 17:10:58 - SSH or running script completed successfully.
2024-03-14 01:44:37 - Running Julia script: testSA.jl
2024-03-14 01:44:50 - Running Julia script: testSA.jl
2024-03-14 01:46:07 - running Julia script completed successfully.
2024-03-14 01:46:08 - Starting rsync...
2024-03-14 01:46:34 - rsync operation completed successfully.
2024-03-14 01:46:34 - SSH into the server and running script...
2024-03-14 01:46:36 - SSH or running script completed successfully.
